Using pre-set license
Pro License: NO

 COMMAND LINE ARGUMENTS:
/Applications/Unity/Hub/Editor/2021.1.14f1/Unity.app/Contents/MacOS/Unity
-adb2
-batchMode
-noUpm
-name
AssetImportWorker1
-projectPath
/Users/giacomoportoghese/Desktop/NABA/3 ANNO/KART PLATFORM ALINOVI/ESAME PLATFROM KART W VISUAL SCRIPTING/ESAME PLATFROM KART W VISUALSCRIPTING
-logFile
Logs/AssetImportWorker1.log
-srvPort
49638
Successfully changed project path to: /Users/giacomoportoghese/Desktop/NABA/3 ANNO/KART PLATFORM ALINOVI/ESAME PLATFROM KART W VISUAL SCRIPTING/ESAME PLATFROM KART W VISUALSCRIPTING
/Users/giacomoportoghese/Desktop/NABA/3 ANNO/KART PLATFORM ALINOVI/ESAME PLATFROM KART W VISUAL SCRIPTING/ESAME PLATFROM KART W VISUALSCRIPTING
Using Asset Import Pipeline V2.
Refreshing native plugins compatible for Editor in 251.86 ms, found 2 plugins.
Preloading 0 native plugins for Editor in 0.00 ms.
Initialize engine version: 2021.1.14f1 (51d2f824827f)
[Subsystems] Discovering subsystems at path /Applications/Unity/Hub/Editor/2021.1.14f1/Unity.app/Contents/Resources/UnitySubsystems
[Subsystems] Discovering subsystems at path /Users/giacomoportoghese/Desktop/NABA/3 ANNO/KART PLATFORM ALINOVI/ESAME PLATFROM KART W VISUAL SCRIPTING/ESAME PLATFROM KART W VISUALSCRIPTING/Assets
GfxDevice: creating device client; threaded=0; jobified=0
2022-02-16 10:40:19.596 Unity[1450:25954] iMac preferred device: AMD Radeon R9 M395 (high power)
2022-02-16 10:40:19.596 Unity[1450:25954] Metal devices available: 1
2022-02-16 10:40:19.596 Unity[1450:25954] 0: AMD Radeon R9 M395 (high power)
2022-02-16 10:40:19.597 Unity[1450:25954] Using device AMD Radeon R9 M395 (high power)
Initializing Metal device caps: AMD Radeon R9 M395
Initialize mono
Mono path[0] = '/Applications/Unity/Hub/Editor/2021.1.14f1/Unity.app/Contents/Managed'
Mono path[1] = '/Applications/Unity/Hub/Editor/2021.1.14f1/Unity.app/Contents/MonoBleedingEdge/lib/mono/unityjit'
Mono config path = '/Applications/Unity/Hub/Editor/2021.1.14f1/Unity.app/Contents/MonoBleedingEdge/etc'
Using monoOptions --debugger-agent=transport=dt_socket,embedding=1,server=y,suspend=n,address=127.0.0.1:56450
Begin MonoManager ReloadAssembly
Registering precompiled unity dll's ...
Register platform support module: /Applications/Unity/Hub/Editor/2021.1.14f1/Unity.app/Contents/PlaybackEngines/MacStandaloneSupport/UnityEditor.OSXStandalone.Extensions.dll
Register platform support module: /Applications/Unity/Hub/Editor/2021.1.14f1/PlaybackEngines/WindowsStandaloneSupport/UnityEditor.WindowsStandalone.Extensions.dll
Registered in 0.000658 seconds.
Native extension for WindowsStandalone target not found
Native extension for OSXStandalone target not found
Refreshing native plugins compatible for Editor in 121.62 ms, found 2 plugins.
Preloading 0 native plugins for Editor in 0.00 ms.
Mono: successfully reloaded assembly
- Completed reload, in  3.002 seconds
Domain Reload Profiling:
	ReloadAssembly (3002ms)
		BeginReloadAssembly (50ms)
			ExecutionOrderSort (0ms)
			DisableScriptedObjects (0ms)
			BackupInstance (0ms)
			ReleaseScriptingObjects (0ms)
			CreateAndSetChildDomain (1ms)
		EndReloadAssembly (635ms)
			LoadAssemblies (49ms)
			RebuildTransferFunctionScriptingTraits (0ms)
			SetupTypeCache (233ms)
			ReleaseScriptCaches (0ms)
			RebuildScriptCaches (46ms)
			SetupLoadedEditorAssemblies (306ms)
				LogAssemblyErrors (0ms)
				InitializePlatformSupportModulesInManaged (7ms)
				SetLoadedEditorAssemblies (0ms)
				RefreshPlugins (122ms)
				BeforeProcessingInitializeOnLoad (2ms)
				ProcessInitializeOnLoadAttributes (138ms)
				ProcessInitializeOnLoadMethodAttributes (37ms)
				AfterProcessingInitializeOnLoad (0ms)
				EditorAssembliesLoaded (0ms)
			ExecutionOrderSort2 (0ms)
			AwakeInstancesAfterBackupRestoration (0ms)
Platform modules already initialized, skipping
Registering precompiled user dll's ...
Registered in 0.165886 seconds.
